Performing C++ SOURCE FILE Test CPP20_FLAG_BUILTIN failed with the following output:
Change Dir: /home/dominik/git/ifa-2022/advanced_algorithms/week1/cmake-build-debug/CMakeFiles/CMakeTmp

Run Build Command(s):/home/dominik/.local/share/JetBrains/Toolbox/apps/CLion/ch-0/223.8214.51/bin/ninja/linux/ninja cmTC_27b09 && [1/2] Building CXX object CMakeFiles/cmTC_27b09.dir/src.cxx.o
FAILED: CMakeFiles/cmTC_27b09.dir/src.cxx.o 
/usr/bin/c++ -DCPP20_FLAG_BUILTIN -I/home/dominik/git/ifa-2022/advanced_algorithms/week1/lib/seqan3/include -I/home/dominik/git/ifa-2022/advanced_algorithms/week1/lib/seqan3/submodules/sdsl-lite/include -I/home/dominik/git/ifa-2022/advanced_algorithms/week1/lib/seqan3/submodules/cereal/include -fdiagnostics-color=always -o CMakeFiles/cmTC_27b09.dir/src.cxx.o -c /home/dominik/git/ifa-2022/advanced_algorithms/week1/cmake-build-debug/CMakeFiles/CMakeTmp/src.cxx
/home/dominik/git/ifa-2022/advanced_algorithms/week1/cmake-build-debug/CMakeFiles/CMakeTmp/src.cxx:2:8: error: #error NOCXX20
    2 |       #error NOCXX20
      |        ^~~~~
ninja: build stopped: subcommand failed.


Source file was:
#if !defined (__cplusplus) || (__cplusplus < 201709)
      #error NOCXX20
      #endif
      int main() {}
Performing C++ SOURCE FILE Test CONCEPTS_FLAG_BUILTIN failed with the following output:
Change Dir: /home/dominik/git/ifa-2022/advanced_algorithms/week1/cmake-build-debug/CMakeFiles/CMakeTmp

Run Build Command(s):/home/dominik/.local/share/JetBrains/Toolbox/apps/CLion/ch-0/223.8214.51/bin/ninja/linux/ninja cmTC_75f10 && [1/2] Building CXX object CMakeFiles/cmTC_75f10.dir/src.cxx.o
FAILED: CMakeFiles/cmTC_75f10.dir/src.cxx.o 
/usr/bin/c++ -DCONCEPTS_FLAG_BUILTIN -I/home/dominik/git/ifa-2022/advanced_algorithms/week1/lib/seqan3/include -I/home/dominik/git/ifa-2022/advanced_algorithms/week1/lib/seqan3/submodules/sdsl-lite/include -I/home/dominik/git/ifa-2022/advanced_algorithms/week1/lib/seqan3/submodules/cereal/include -fdiagnostics-color=always -o CMakeFiles/cmTC_75f10.dir/src.cxx.o -c /home/dominik/git/ifa-2022/advanced_algorithms/week1/cmake-build-debug/CMakeFiles/CMakeTmp/src.cxx
/home/dominik/git/ifa-2022/advanced_algorithms/week1/cmake-build-debug/CMakeFiles/CMakeTmp/src.cxx:1:16: error: ‘__cpp_concepts’ was not declared in this scope
    1 | static_assert (__cpp_concepts >= 201507);                         int main() {}
      |                ^~~~~~~~~~~~~~
ninja: build stopped: subcommand failed.


Source file was:
static_assert (__cpp_concepts >= 201507);                         int main() {}
Determining if the include file lemon/config.h exists failed with the following output:
Change Dir: /home/dominik/git/ifa-2022/advanced_algorithms/week1/cmake-build-debug/CMakeFiles/CMakeTmp

Run Build Command(s):/home/dominik/.local/share/JetBrains/Toolbox/apps/CLion/ch-0/223.8214.51/bin/ninja/linux/ninja cmTC_a53c7 && [1/2] Building CXX object CMakeFiles/cmTC_a53c7.dir/CheckIncludeFile.cxx.o
FAILED: CMakeFiles/cmTC_a53c7.dir/CheckIncludeFile.cxx.o 
/usr/bin/c++  -I/home/dominik/git/ifa-2022/advanced_algorithms/week1/lib/seqan3/include -I/home/dominik/git/ifa-2022/advanced_algorithms/week1/lib/seqan3/submodules/sdsl-lite/include -I/home/dominik/git/ifa-2022/advanced_algorithms/week1/lib/seqan3/submodules/cereal/include -fdiagnostics-color=always -o CMakeFiles/cmTC_a53c7.dir/CheckIncludeFile.cxx.o -c /home/dominik/git/ifa-2022/advanced_algorithms/week1/cmake-build-debug/CMakeFiles/CMakeTmp/CheckIncludeFile.cxx
/home/dominik/git/ifa-2022/advanced_algorithms/week1/cmake-build-debug/CMakeFiles/CMakeTmp/CheckIncludeFile.cxx:1:10: fatal error: lemon/config.h: No such file or directory
    1 | #include <lemon/config.h>
      |          ^~~~~~~~~~~~~~~~
compilation terminated.
ninja: build stopped: subcommand failed.



Performing C SOURCE FILE Test HAVE___DECLSPEC_DLLEXPORT_ failed with the following output:
Change Dir: /home/dominik/git/ifa-2022/advanced_algorithms/week1/cmake-build-debug/CMakeFiles/CMakeTmp

Run Build Command(s):/home/dominik/.local/share/JetBrains/Toolbox/apps/CLion/ch-0/223.8214.51/bin/ninja/linux/ninja cmTC_b5bc5 && [1/2] Building C object CMakeFiles/cmTC_b5bc5.dir/src.c.o
FAILED: CMakeFiles/cmTC_b5bc5.dir/src.c.o 
/usr/bin/cc -DHAVE___DECLSPEC_DLLEXPORT_ -I/home/dominik/git/ifa-2022/advanced_algorithms/week1/lib/seqan3/include -I/home/dominik/git/ifa-2022/advanced_algorithms/week1/lib/seqan3/submodules/sdsl-lite/include -I/home/dominik/git/ifa-2022/advanced_algorithms/week1/lib/seqan3/submodules/cereal/include -Wall  -fdiagnostics-color=always -o CMakeFiles/cmTC_b5bc5.dir/src.c.o -c /home/dominik/git/ifa-2022/advanced_algorithms/week1/cmake-build-debug/CMakeFiles/CMakeTmp/src.c
/home/dominik/git/ifa-2022/advanced_algorithms/week1/cmake-build-debug/CMakeFiles/CMakeTmp/src.c:1:1: warning: return type defaults to ‘int’ [-Wimplicit-int]
    1 | __declspec(dllexport) void func(); void func() { } int main() { func(); return 0; }
      | ^~~~~~~~~~
/home/dominik/git/ifa-2022/advanced_algorithms/week1/cmake-build-debug/CMakeFiles/CMakeTmp/src.c: In function ‘__declspec’:
/home/dominik/git/ifa-2022/advanced_algorithms/week1/cmake-build-debug/CMakeFiles/CMakeTmp/src.c:1:48: error: expected ‘=’, ‘,’, ‘;’, ‘asm’ or ‘__attribute__’ before ‘{’ token
    1 | __declspec(dllexport) void func(); void func() { } int main() { func(); return 0; }
      |                                                ^
/home/dominik/git/ifa-2022/advanced_algorithms/week1/cmake-build-debug/CMakeFiles/CMakeTmp/src.c:1:63: error: expected ‘=’, ‘,’, ‘;’, ‘asm’ or ‘__attribute__’ before ‘{’ token
    1 | __declspec(dllexport) void func(); void func() { } int main() { func(); return 0; }
      |                                                               ^
/home/dominik/git/ifa-2022/advanced_algorithms/week1/cmake-build-debug/CMakeFiles/CMakeTmp/src.c:1:1: warning: type of ‘dllexport’ defaults to ‘int’ [-Wimplicit-int]
    1 | __declspec(dllexport) void func(); void func() { } int main() { func(); return 0; }
      | ^~~~~~~~~~
/home/dominik/git/ifa-2022/advanced_algorithms/week1/cmake-build-debug/CMakeFiles/CMakeTmp/src.c:1:28: error: declaration for parameter ‘func’ but no such parameter
    1 | __declspec(dllexport) void func(); void func() { } int main() { func(); return 0; }
      |                            ^~~~
/home/dominik/git/ifa-2022/advanced_algorithms/week1/cmake-build-debug/CMakeFiles/CMakeTmp/src.c:2: error: expected ‘{’ at end of input
/home/dominik/git/ifa-2022/advanced_algorithms/week1/cmake-build-debug/CMakeFiles/CMakeTmp/src.c:2: warning: control reaches end of non-void function [-Wreturn-type]
ninja: build stopped: subcommand failed.


Source file was:
__declspec(dllexport) void func(); void func() { } int main() { func(); return 0; }
Performing C SOURCE FILE Test HAVE___DECLSPEC_DLLIMPORT_ failed with the following output:
Change Dir: /home/dominik/git/ifa-2022/advanced_algorithms/week1/cmake-build-debug/CMakeFiles/CMakeTmp

Run Build Command(s):/home/dominik/.local/share/JetBrains/Toolbox/apps/CLion/ch-0/223.8214.51/bin/ninja/linux/ninja cmTC_0153c && [1/2] Building C object CMakeFiles/cmTC_0153c.dir/src.c.o
FAILED: CMakeFiles/cmTC_0153c.dir/src.c.o 
/usr/bin/cc -DHAVE___DECLSPEC_DLLIMPORT_ -I/home/dominik/git/ifa-2022/advanced_algorithms/week1/lib/seqan3/include -I/home/dominik/git/ifa-2022/advanced_algorithms/week1/lib/seqan3/submodules/sdsl-lite/include -I/home/dominik/git/ifa-2022/advanced_algorithms/week1/lib/seqan3/submodules/cereal/include -Wall  -fdiagnostics-color=always -o CMakeFiles/cmTC_0153c.dir/src.c.o -c /home/dominik/git/ifa-2022/advanced_algorithms/week1/cmake-build-debug/CMakeFiles/CMakeTmp/src.c
/home/dominik/git/ifa-2022/advanced_algorithms/week1/cmake-build-debug/CMakeFiles/CMakeTmp/src.c:1:1: warning: return type defaults to ‘int’ [-Wimplicit-int]
    1 | __declspec(dllimport) void func(); void func() { } int main() { func(); return 0; }
      | ^~~~~~~~~~
/home/dominik/git/ifa-2022/advanced_algorithms/week1/cmake-build-debug/CMakeFiles/CMakeTmp/src.c: In function ‘__declspec’:
/home/dominik/git/ifa-2022/advanced_algorithms/week1/cmake-build-debug/CMakeFiles/CMakeTmp/src.c:1:48: error: expected ‘=’, ‘,’, ‘;’, ‘asm’ or ‘__attribute__’ before ‘{’ token
    1 | __declspec(dllimport) void func(); void func() { } int main() { func(); return 0; }
      |                                                ^
/home/dominik/git/ifa-2022/advanced_algorithms/week1/cmake-build-debug/CMakeFiles/CMakeTmp/src.c:1:63: error: expected ‘=’, ‘,’, ‘;’, ‘asm’ or ‘__attribute__’ before ‘{’ token
    1 | __declspec(dllimport) void func(); void func() { } int main() { func(); return 0; }
      |                                                               ^
/home/dominik/git/ifa-2022/advanced_algorithms/week1/cmake-build-debug/CMakeFiles/CMakeTmp/src.c:1:1: warning: type of ‘dllimport’ defaults to ‘int’ [-Wimplicit-int]
    1 | __declspec(dllimport) void func(); void func() { } int main() { func(); return 0; }
      | ^~~~~~~~~~
/home/dominik/git/ifa-2022/advanced_algorithms/week1/cmake-build-debug/CMakeFiles/CMakeTmp/src.c:1:28: error: declaration for parameter ‘func’ but no such parameter
    1 | __declspec(dllimport) void func(); void func() { } int main() { func(); return 0; }
      |                            ^~~~
/home/dominik/git/ifa-2022/advanced_algorithms/week1/cmake-build-debug/CMakeFiles/CMakeTmp/src.c:2: error: expected ‘{’ at end of input
/home/dominik/git/ifa-2022/advanced_algorithms/week1/cmake-build-debug/CMakeFiles/CMakeTmp/src.c:2: warning: control reaches end of non-void function [-Wreturn-type]
ninja: build stopped: subcommand failed.


Source file was:
__declspec(dllimport) void func(); void func() { } int main() { func(); return 0; }
